========================================
  FMA Tests
========================================
-- FMA Same Sign --
[PASS] FMA: 1.5+2.0*3.0=7.5: got 0x40f00000
[PASS] FMA: 1.0+1.0*1.0=2.0: got 0x40000000
[PASS] FMA: -1.0+-2.0*3.0=-7.0: got 0xc0e00000
-- FMA Different Signs --
[PASS] FMA: 5+-2*2=1: got 0x3f800000
[PASS] FMA: 0.5+5*5=25.5: got 0x41cc0000
[PASS] FMA: 3+-1*3=0: got 0x00000000
-- Sticky / Round --
[PASS] FMA: 0.75+1.0*0.5=1.25: got 0x3fa00000
[PASS] FMA: 1+2^-20*1: got 0x3f800008
-- Zero / FTZ --
[PASS] FMA: 5+0*3=5: got 0x40a00000
[PASS] FMA: 0+2*3=6: got 0x40c00000
[PASS] FMA: subnorm+1*2=2 (FTZ): got 0x40000000
-- Special Values --
[PASS] FMA: NaN+1*2=qNaN: got 0x7fc00000
[PASS] FMA: 1+Inf*0=qNaN: got 0x7fc00000
[PASS] FMA: Inf+1*2=Inf: got 0x7f800000
[PASS] FMA: -Inf+1*2=-Inf: got 0xff800000
[PASS] FMA: directed case (subnorm): got 0x00000000
========================================
  Dot-Product Tests
========================================
-- Dot Product --
[PASS] Dot: 1+2*1+3*1=6: got 0x40c00000
[PASS] Dot: dx=0’’’ 1+0+3=4: got 0x40800000
[PASS] Dot: 0+1*127.94+0: got 0x42ffe000
[PASS] Dot: 2*0.0625=0.125: got 0x3e000000
[PASS] Dot: 2*1+-2*1=0: got 0x00000000
[PASS] Dot: dot_p_msb_i[1]=0 test: got 0x3f000000
========================================
  Model-driven regression (test_vectors.hex)
========================================
ERROR: tb/tb_fma_fp32_dot3.v:400: $readmemh: Unable to open tb/test_vectors.hex for reading.
========================================
  Results: 22 pass, 0 fail
========================================
ALL TESTS PASSED
tb/tb_fma_fp32_dot3.v:428: $finish called at 2410000 (1ps)
