timestamp: 2026-06-29T00:00:00Z (revised; original 2026-06-28)
stage: sta
status: passed

Note (revision): The original log was a hand-written summary with blank
placeholders ("cells, area (baseline)") and its multi-period sweep evidence
was generated from an EARLIER RTL revision (INT_W=44, lines 545/438/173).
This revised log reflects a real ABC NLDM multi-period sweep run against the
currently committed INT_W=40 RTL (lines 529/428/171). Full per-period Yosys
logs are committed at syn/sta_logs/sta_{8000..20000}ps.log and are
regenerable via `make sta`.

--- RTL revision under test ---
  INT_W = 40 (committed), rtl/fma_fp32_dot3.v

--- Synthesis (full flow, SKY130 HD tt_025C_1v80, abc -D 20000) ---
  Standard cells (mapped):   9,050
  Chip area:                 62,147.104 um^2
  Sequential area:           7,382.080 um^2 (11.88%)
  Flip-flops:                295  (sky130_fd_sc_hd__dfrtp_1)

--- Multi-period ABC NLDM sweep (authoritative timing) ---
  Period      Freq      Cells     Area (um^2)     Verdict
  20000 ps    50 MHz    9,047     62,376.0736     baseline
  16000 ps    62 MHz    9,047     62,376.0736     MET (0% overhead)
  12000 ps    83 MHz    9,047     62,376.0736     MET (0% overhead)
  10000 ps   100 MHz    9,047     62,376.0736     MET (0% overhead)
   8000 ps   125 MHz    9,047     62,376.0736     MET (0% overhead)

  Cell count and area are byte-identical across all five periods, i.e. ABC
  closed timing at 8 ns with zero cell upsizing. => Design meets 8 ns (125 MHz).

--- Lightweight custom STA cross-check (syn/run_sta.py, NOT signoff) ---
  Longest combinational path depth: 88 cells
  Combinational cycles:             none
  Pessimistic arrival (max-delay sum, no slew/load): 132 ns  -> upper bound only
  (This tool sums each cell's worst-case liberty delay; the real NLDM delay is
   ~10-20x lower. The ABC sweep above is the authoritative result.)

timing_8ns_met: true
timing_16ns_met: true
status: passed
