timestamp: 2026-06-28T15:08:05Z
stage: probe
status: running

--- Tool Availability ---
/Users/jiuri/tools/oss-cad-suite/bin/iverilog
iverilog: available (/Users/jiuri/tools/oss-cad-suite/bin/iverilog)
/Users/jiuri/tools/oss-cad-suite/bin/vvp
vvp: available (/Users/jiuri/tools/oss-cad-suite/bin/vvp)
/Users/jiuri/tools/oss-cad-suite/bin/yosys
yosys: available (/Users/jiuri/tools/oss-cad-suite/bin/yosys)
/usr/bin/python3
python3: available (/usr/bin/python3)

--- Tool Versions ---
Icarus Verilog version 14.0 (devel) (s20260301-220-g78750c51d-dirty)

Yosys 0.66+154 (git sha1 23aadd92a, Release, Clang /usr/local/osxcross/target/bin/aarch64-apple-darwin23.5-clang++ 18.1.8)
Python 3.9.6

--- PDK Check ---
/Users/jiuri/tools/pdks/volare/sky130/versions/0fe599b2afb6708d281543108caf8310912f54af/sky130A/libs.ref/sky130_fd_sc_hd/lib/sky130_fd_sc_hd__tt_025C_1v80.lib
SKY130 library: available

--- RTL Check ---
     591 /Users/jiuri/data/targetIt/newFMA/runs/final-v1/rtl/fma_fp32_dot3.v

--- Testbench Check ---
     392 /Users/jiuri/data/targetIt/newFMA/runs/final-v1/tb/tb_fma_fp32_dot3.v

status: passed
